[debug] [2026-02-15T13:22:37.086Z] ----------------------------------------------------------------------
[debug] [2026-02-15T13:22:37.097Z] Command:       C:\Program Files\nodejs\node.exe C:\Users\jaffe\AppData\Roaming\npm\node_modules\firebase-tools\lib\bin\firebase.js init
[debug] [2026-02-15T13:22:37.097Z] CLI Version:   15.6.0
[debug] [2026-02-15T13:22:37.097Z] Platform:      win32
[debug] [2026-02-15T13:22:37.097Z] Node Version:  v20.16.0
[debug] [2026-02-15T13:22:37.098Z] Time:          Sun Feb 15 2026 18:52:37 GMT+0530 (India Standard Time)
[debug] [2026-02-15T13:22:37.098Z] ----------------------------------------------------------------------
[debug] 
[debug] [2026-02-15T13:22:37.100Z] >>> [apiv2][query] GET https://firebase-public.firebaseio.com/cli.json [none]
[info] 
     ######## #### ########  ######## ########     ###     ######  ########
     ##        ##  ##     ## ##       ##     ##  ##   ##  ##       ##
     ######    ##  ########  ######   ########  #########  ######  ######
     ##        ##  ##    ##  ##       ##     ## ##     ##       ## ##
     ##       #### ##     ## ######## ########  ##     ##  ######  ########

You're about to initialize a Firebase project in this directory:

  C:\SHEild Women Safety SoS APP

Before we get started, keep in mind:

  * You are currently outside your home directory

[debug] [2026-02-15T13:22:43.549Z] *** [apiv2] error from fetch(https://firebase-public.firebaseio.com/cli.json, {"headers":{},"method":"GET"}): FetchError: request to https://firebase-public.firebaseio.com/cli.json failed, reason: unable to verify the first certificate
[warn] !  Unable to fetch the CLI MOTD and remote config. This is not a fatal error, but may indicate an issue with your network connection. 
[debug] [2026-02-15T13:22:43.550Z] Failed to fetch MOTD FirebaseError: Failed to make request to https://firebase-public.firebaseio.com/cli.json
[info] 
=== Project Setup
[info] 
[info] First, let's associate this project directory with a Firebase project.
[info] You can create multiple project aliases by running firebase use --add, 
[info] 
[debug] [2026-02-15T13:26:13.176Z] > command requires scopes: ["email","openid","https://www.googleapis.com/auth/cloudplatformprojects.readonly","https://www.googleapis.com/auth/firebase","https://www.googleapis.com/auth/cloud-platform"]
[debug] [2026-02-15T13:26:13.203Z] > authorizing via signed-in user (jaakila.fathima@gmail.com)
[debug] [2026-02-15T13:26:13.235Z] Checked if tokens are valid: true, expires at: 1771165270437
[debug] [2026-02-15T13:26:13.235Z] Checked if tokens are valid: true, expires at: 1771165270437
[debug] [2026-02-15T13:26:13.253Z] >>> [apiv2][query] GET https://firebase.googleapis.com/v1beta1/projects pageSize=100
[debug] [2026-02-15T13:26:13.811Z] *** [apiv2] error from fetch(https://firebase.googleapis.com/v1beta1/projects?pageSize=100, {"headers":{},"method":"GET","signal":{"reason":""}}): FetchError: request to https://firebase.googleapis.com/v1beta1/projects?pageSize=100 failed, reason: unable to verify the first certificate
[debug] [2026-02-15T13:26:13.815Z] Failed to make request to https://firebase.googleapis.com/v1beta1/projects?pageSize=100
[debug] [2026-02-15T13:26:14.011Z] FirebaseError: Failed to make request to https://firebase.googleapis.com/v1beta1/projects?pageSize=100
    at RetryOperation._fn (C:\Users\jaffe\AppData\Roaming\npm\node_modules\firebase-tools\lib\apiv2.js:279:31)
    at process.processTicksAndRejections (node:internal/process/task_queues:95:5)
[error] 
[error] Error: Failed to list Firebase projects. See firebase-debug.log for more info.
[debug] [2026-02-15T13:27:33.705Z] ----------------------------------------------------------------------
[debug] [2026-02-15T13:27:33.724Z] Command:       C:\Program Files\nodejs\node.exe C:\Users\jaffe\AppData\Roaming\npm\node_modules\firebase-tools\lib\bin\firebase.js projects:list
[debug] [2026-02-15T13:27:33.725Z] CLI Version:   15.6.0
[debug] [2026-02-15T13:27:33.725Z] Platform:      win32
[debug] [2026-02-15T13:27:33.725Z] Node Version:  v20.16.0
[debug] [2026-02-15T13:27:33.726Z] Time:          Sun Feb 15 2026 18:57:33 GMT+0530 (India Standard Time)
[debug] [2026-02-15T13:27:33.726Z] ----------------------------------------------------------------------
[debug] 
[debug] [2026-02-15T13:27:33.728Z] >>> [apiv2][query] GET https://firebase-public.firebaseio.com/cli.json [none]
[debug] [2026-02-15T13:27:33.824Z] > command requires scopes: ["email","openid","https://www.googleapis.com/auth/cloudplatformprojects.readonly","https://www.googleapis.com/auth/firebase","https://www.googleapis.com/auth/cloud-platform"]
[debug] [2026-02-15T13:27:33.824Z] > authorizing via signed-in user (jaakila.fathima@gmail.com)
[debug] [2026-02-15T13:27:33.828Z] Checked if tokens are valid: true, expires at: 1771165270437
[debug] [2026-02-15T13:27:33.828Z] Checked if tokens are valid: true, expires at: 1771165270437
[debug] [2026-02-15T13:27:33.829Z] >>> [apiv2][query] GET https://firebase.googleapis.com/v1beta1/projects pageSize=1000
[debug] [2026-02-15T13:27:33.959Z] *** [apiv2] error from fetch(https://firebase.googleapis.com/v1beta1/projects?pageSize=1000, {"headers":{},"method":"GET","signal":{"reason":""}}): FetchError: request to https://firebase.googleapis.com/v1beta1/projects?pageSize=1000 failed, reason: unable to verify the first certificate
[debug] [2026-02-15T13:27:33.959Z] Failed to make request to https://firebase.googleapis.com/v1beta1/projects?pageSize=1000
[debug] [2026-02-15T13:27:34.076Z] FirebaseError: Failed to make request to https://firebase.googleapis.com/v1beta1/projects?pageSize=1000
    at RetryOperation._fn (C:\Users\jaffe\AppData\Roaming\npm\node_modules\firebase-tools\lib\apiv2.js:279:31)
    at process.processTicksAndRejections (node:internal/process/task_queues:95:5)
[error] 
[error] Error: Failed to list Firebase projects. See firebase-debug.log for more info.
[debug] [2026-02-15T13:27:34.172Z] *** [apiv2] error from fetch(https://firebase-public.firebaseio.com/cli.json, {"headers":{},"method":"GET"}): FetchError: request to https://firebase-public.firebaseio.com/cli.json failed, reason: unable to verify the first certificate
[warn] !  Unable to fetch the CLI MOTD and remote config. This is not a fatal error, but may indicate an issue with your network connection. 
[debug] [2026-02-15T13:27:34.172Z] Failed to fetch MOTD FirebaseError: Failed to make request to https://firebase-public.firebaseio.com/cli.json
[debug] [2026-02-15T13:33:59.022Z] ----------------------------------------------------------------------
[debug] [2026-02-15T13:33:59.040Z] Command:       C:\Program Files\nodejs\node.exe C:\Users\jaffe\AppData\Roaming\npm\node_modules\firebase-tools\lib\bin\firebase.js projects:list
[debug] [2026-02-15T13:33:59.040Z] CLI Version:   15.6.0
[debug] [2026-02-15T13:33:59.041Z] Platform:      win32
[debug] [2026-02-15T13:33:59.041Z] Node Version:  v20.16.0
[debug] [2026-02-15T13:33:59.041Z] Time:          Sun Feb 15 2026 19:03:59 GMT+0530 (India Standard Time)
[debug] [2026-02-15T13:33:59.041Z] ----------------------------------------------------------------------
[debug] 
[debug] [2026-02-15T13:33:59.045Z] >>> [apiv2][query] GET https://firebase-public.firebaseio.com/cli.json [none]
[debug] [2026-02-15T13:33:59.175Z] > command requires scopes: ["email","openid","https://www.googleapis.com/auth/cloudplatformprojects.readonly","https://www.googleapis.com/auth/firebase","https://www.googleapis.com/auth/cloud-platform"]
[debug] [2026-02-15T13:33:59.176Z] > authorizing via signed-in user (jaakila.fathima@gmail.com)
[debug] [2026-02-15T13:33:59.181Z] Checked if tokens are valid: true, expires at: 1771165270437
[debug] [2026-02-15T13:33:59.181Z] Checked if tokens are valid: true, expires at: 1771165270437
[debug] [2026-02-15T13:33:59.183Z] >>> [apiv2][query] GET https://firebase.googleapis.com/v1beta1/projects pageSize=1000
[debug] [2026-02-15T13:33:59.504Z] *** [apiv2] error from fetch(https://firebase.googleapis.com/v1beta1/projects?pageSize=1000, {"headers":{},"method":"GET","signal":{"reason":""}}): FetchError: request to https://firebase.googleapis.com/v1beta1/projects?pageSize=1000 failed, reason: unable to verify the first certificate
[debug] [2026-02-15T13:33:59.505Z] Failed to make request to https://firebase.googleapis.com/v1beta1/projects?pageSize=1000
[debug] [2026-02-15T13:33:59.669Z] FirebaseError: Failed to make request to https://firebase.googleapis.com/v1beta1/projects?pageSize=1000
    at RetryOperation._fn (C:\Users\jaffe\AppData\Roaming\npm\node_modules\firebase-tools\lib\apiv2.js:279:31)
    at process.processTicksAndRejections (node:internal/process/task_queues:95:5)
[error] 
[error] Error: Failed to list Firebase projects. See firebase-debug.log for more info.
[debug] [2026-02-15T13:33:59.688Z] *** [apiv2] error from fetch(https://firebase-public.firebaseio.com/cli.json, {"headers":{},"method":"GET"}): FetchError: request to https://firebase-public.firebaseio.com/cli.json failed, reason: unable to verify the first certificate
[warn] !  Unable to fetch the CLI MOTD and remote config. This is not a fatal error, but may indicate an issue with your network connection. 
[debug] [2026-02-15T13:33:59.689Z] Failed to fetch MOTD FirebaseError: Failed to make request to https://firebase-public.firebaseio.com/cli.json
